# JRE version: OpenJDK Runtime Environment (8.0_242-b01) (build 1.8.0_242-release-1644-b01)
# Java VM: OpenJDK 64-Bit Server VM (25.242-b01 mixed mode windows-amd64 compressed oops)
Heap:
 PSYoungGen      total 337408K, used 286613K [0x00000000e0000000, 0x00000000fa300000, 0x0000000100000000)
  eden space 302592K, 94% used [0x00000000e0000000,0x00000000f17e5500,0x00000000f2780000)
  from space 34816K, 0% used [0x00000000f2780000,0x00000000f2780000,0x00000000f4980000)
  to   space 34304K, 0% used [0x00000000f8180000,0x00000000f8180000,0x00000000fa300000)
 ParOldGen       total 329216K, used 135220K [0x00000000a0000000, 0x00000000b4180000, 0x00000000e0000000)
  object space 329216K, 41% used [0x00000000a0000000,0x00000000a840d0a0,0x00000000b4180000)
 Metaspace       used 104145K, capacity 110250K, committed 111488K, reserved 1144832K
  class space    used 14067K, capacity 15305K, committed 15744K, reserved 1048576K
GC Heap History (10 events):
Event: 2984.336 GC heap before
{Heap before GC invocations=28 (full 5):
 PSYoungGen      total 258560K, used 254663K [0x00000000e0000000, 0x00000000f1c00000, 0x0000000100000000)
  eden space 233984K, 100% used [0x00000000e0000000,0x00000000ee480000,0x00000000ee480000)
  from space 24576K, 84% used [0x00000000efe80000,0x00000000f12b1d80,0x00000000f1680000)
  to   space 26624K, 0% used [0x00000000ee480000,0x00000000ee480000,0x00000000efe80000)
 ParOldGen       total 246272K, used 130161K [0x00000000a0000000, 0x00000000af080000, 0x00000000e0000000)
  object space 246272K, 52% used [0x00000000a0000000,0x00000000a7f1c5a8,0x00000000af080000)
 Metaspace       used 102366K, capacity 108582K, committed 108928K, reserved 1142784K
  class space    used 13866K, capacity 15069K, committed 15232K, reserved 1048576K
Event: 2985.175 GC heap after
Heap after GC invocations=28 (full 5):
 PSYoungGen      total 260608K, used 26616K [0x00000000e0000000, 0x00000000f6a80000, 0x0000000100000000)
  eden space 233984K, 0% used [0x00000000e0000000,0x00000000e0000000,0x00000000ee480000)
  from space 26624K, 99% used [0x00000000ee480000,0x00000000efe7e338,0x00000000efe80000)
  to   space 33792K, 0% used [0x00000000f4980000,0x00000000f4980000,0x00000000f6a80000)
 ParOldGen       total 246272K, used 137921K [0x00000000a0000000, 0x00000000af080000, 0x00000000e0000000)
  object space 246272K, 56% used [0x00000000a0000000,0x00000000a86b0500,0x00000000af080000)
 Metaspace       used 102366K, capacity 108582K, committed 108928K, reserved 1142784K
  class space    used 13866K, capacity 15069K, committed 15232K, reserved 1048576K
}
Event: 2996.902 GC heap before
{Heap before GC invocations=29 (full 5):
 PSYoungGen      total 260608K, used 253053K [0x00000000e0000000, 0x00000000f6a80000, 0x0000000100000000)
  eden space 233984K, 96% used [0x00000000e0000000,0x00000000edd214c0,0x00000000ee480000)
  from space 26624K, 99% used [0x00000000ee480000,0x00000000efe7e338,0x00000000efe80000)
  to   space 33792K, 0% used [0x00000000f4980000,0x00000000f4980000,0x00000000f6a80000)
 ParOldGen       total 246272K, used 137921K [0x00000000a0000000, 0x00000000af080000, 0x00000000e0000000)
  object space 246272K, 56% used [0x00000000a0000000,0x00000000a86b0500,0x00000000af080000)
 Metaspace       used 102564K, capacity 108826K, committed 108928K, reserved 1142784K
  class space    used 13897K, capacity 15135K, committed 15232K, reserved 1048576K
Event: 2997.780 GC heap after
Heap after GC invocations=29 (full 5):
 PSYoungGen      total 336384K, used 22820K [0x00000000e0000000, 0x00000000f7000000, 0x0000000100000000)
  eden space 302592K, 0% used [0x00000000e0000000,0x00000000e0000000,0x00000000f2780000)
  from space 33792K, 67% used [0x00000000f4980000,0x00000000f5fc91d8,0x00000000f6a80000)
  to   space 34816K, 0% used [0x00000000f2780000,0x00000000f2780000,0x00000000f4980000)
 ParOldGen       total 246272K, used 242402K [0x00000000a0000000, 0x00000000af080000, 0x00000000e0000000)
  object space 246272K, 98% used [0x00000000a0000000,0x00000000aecb8820,0x00000000af080000)
 Metaspace       used 102564K, capacity 108826K, committed 108928K, reserved 1142784K
  class space    used 13897K, capacity 15135K, committed 15232K, reserved 1048576K
}
Event: 2997.780 GC heap before
{Heap before GC invocations=30 (full 6):
 PSYoungGen      total 336384K, used 22820K [0x00000000e0000000, 0x00000000f7000000, 0x0000000100000000)
  eden space 302592K, 0% used [0x00000000e0000000,0x00000000e0000000,0x00000000f2780000)
  from space 33792K, 67% used [0x00000000f4980000,0x00000000f5fc91d8,0x00000000f6a80000)
  to   space 34816K, 0% used [0x00000000f2780000,0x00000000f2780000,0x00000000f4980000)
 ParOldGen       total 246272K, used 242402K [0x00000000a0000000, 0x00000000af080000, 0x00000000e0000000)
  object space 246272K, 98% used [0x00000000a0000000,0x00000000aecb8820,0x00000000af080000)
 Metaspace       used 102564K, capacity 108826K, committed 108928K, reserved 1142784K
  class space    used 13897K, capacity 15135K, committed 15232K, reserved 1048576K
Event: 2999.728 GC heap after
Heap after GC invocations=30 (full 6):
 PSYoungGen      total 336384K, used 0K [0x00000000e0000000, 0x00000000f7000000, 0x0000000100000000)
  eden space 302592K, 0% used [0x00000000e0000000,0x00000000e0000000,0x00000000f2780000)
  from space 33792K, 0% used [0x00000000f4980000,0x00000000f4980000,0x00000000f6a80000)
  to   space 34816K, 0% used [0x00000000f2780000,0x00000000f2780000,0x00000000f4980000)
 ParOldGen       total 257024K, used 103655K [0x00000000a0000000, 0x00000000afb00000, 0x00000000e0000000)
  object space 257024K, 40% used [0x00000000a0000000,0x00000000a6539d00,0x00000000afb00000)
 Metaspace       used 102018K, capacity 107518K, committed 108928K, reserved 1142784K
  class space    used 13703K, capacity 14789K, committed 15232K, reserved 1048576K
}
Event: 6338.043 GC heap before
{Heap before GC invocations=31 (full 6):
 PSYoungGen      total 336384K, used 302592K [0x00000000e0000000, 0x00000000f7000000, 0x0000000100000000)
  eden space 302592K, 100% used [0x00000000e0000000,0x00000000f2780000,0x00000000f2780000)
  from space 33792K, 0% used [0x00000000f4980000,0x00000000f4980000,0x00000000f6a80000)
  to   space 34816K, 0% used [0x00000000f2780000,0x00000000f2780000,0x00000000f4980000)
 ParOldGen       total 257024K, used 103655K [0x00000000a0000000, 0x00000000afb00000, 0x00000000e0000000)
  object space 257024K, 40% used [0x00000000a0000000,0x00000000a6539d00,0x00000000afb00000)
 Metaspace       used 102456K, capacity 108076K, committed 109184K, reserved 1142784K
  class space    used 13779K, capacity 14882K, committed 15232K, reserved 1048576K
Event: 6341.265 GC heap after
Heap after GC invocations=31 (full 6):
 PSYoungGen      total 337408K, used 7086K [0x00000000e0000000, 0x00000000fa300000, 0x0000000100000000)
  eden space 302592K, 0% used [0x00000000e0000000,0x00000000e0000000,0x00000000f2780000)
  from space 34816K, 20% used [0x00000000f2780000,0x00000000f2e6bbb8,0x00000000f4980000)
  to   space 34304K, 0% used [0x00000000f8180000,0x00000000f8180000,0x00000000fa300000)
 ParOldGen       total 257024K, used 224481K [0x00000000a0000000, 0x00000000afb00000, 0x00000000e0000000)
  object space 257024K, 87% used [0x00000000a0000000,0x00000000adb38528,0x00000000afb00000)
 Metaspace       used 102456K, capacity 108076K, committed 109184K, reserved 1142784K
  class space    used 13779K, capacity 14882K, committed 15232K, reserved 1048576K
}
Event: 6341.266 GC heap before
{Heap before GC invocations=32 (full 7):
 PSYoungGen      total 337408K, used 7086K [0x00000000e0000000, 0x00000000fa300000, 0x0000000100000000)
  eden space 302592K, 0% used [0x00000000e0000000,0x00000000e0000000,0x00000000f2780000)
  from space 34816K, 20% used [0x00000000f2780000,0x00000000f2e6bbb8,0x00000000f4980000)
  to   space 34304K, 0% used [0x00000000f8180000,0x00000000f8180000,0x00000000fa300000)
 ParOldGen       total 257024K, used 224481K [0x00000000a0000000, 0x00000000afb00000, 0x00000000e0000000)
  object space 257024K, 87% used [0x00000000a0000000,0x00000000adb38528,0x00000000afb00000)
 Metaspace       used 102456K, capacity 108076K, committed 109184K, reserved 1142784K
  class space    used 13779K, capacity 14882K, committed 15232K, reserved 1048576K
Event: 6359.716 GC heap after
Heap after GC invocations=32 (full 7):
 PSYoungGen      total 337408K, used 0K [0x00000000e0000000, 0x00000000fa300000, 0x0000000100000000)
  eden space 302592K, 0% used [0x00000000e0000000,0x00000000e0000000,0x00000000f2780000)
  from space 34816K, 0% used [0x00000000f2780000,0x00000000f2780000,0x00000000f4980000)
  to   space 34304K, 0% used [0x00000000f8180000,0x00000000f8180000,0x00000000fa300000)
 ParOldGen       total 329216K, used 135220K [0x00000000a0000000, 0x00000000b4180000, 0x00000000e0000000)
  object space 329216K, 41% used [0x00000000a0000000,0x00000000a840d0a0,0x00000000b4180000)
 Metaspace       used 101815K, capacity 106912K, committed 109184K, reserved 1142784K
  class space    used 13658K, capacity 14667K, committed 15232K, reserved 1048576K
}

