# JRE version: OpenJDK Runtime Environment (8.0_242-b01) (build 1.8.0_242-release-1644-b01)
# Java VM: OpenJDK 64-Bit Server VM (25.242-b01 mixed mode windows-amd64 compressed oops)
Heap:
 PSYoungGen      total 119808K, used 34849K [0x00000000e0000000, 0x00000000e9f00000, 0x0000000100000000)
  eden space 109568K, 31% used [0x00000000e0000000,0x00000000e2208788,0x00000000e6b00000)
  from space 10240K, 0% used [0x00000000e7500000,0x00000000e7500000,0x00000000e7f00000)
  to   space 10240K, 0% used [0x00000000e6b00000,0x00000000e6b00000,0x00000000e7500000)
 ParOldGen       total 35328K, used 15607K [0x00000000a0000000, 0x00000000a2280000, 0x00000000e0000000)
  object space 35328K, 44% used [0x00000000a0000000,0x00000000a0f3dca0,0x00000000a2280000)
 Metaspace       used 35938K, capacity 37188K, committed 37248K, reserved 1081344K
  class space    used 4938K, capacity 5227K, committed 5248K, reserved 1048576K
GC Heap History (10 events):
Event: 9.492 GC heap before
{Heap before GC invocations=10 (full 1):
 PSYoungGen      total 68096K, used 7139K [0x00000000e0000000, 0x00000000e6f80000, 0x0000000100000000)
  eden space 60928K, 0% used [0x00000000e0000000,0x00000000e0000000,0x00000000e3b80000)
  from space 7168K, 99% used [0x00000000e3b80000,0x00000000e4278e38,0x00000000e4280000)
  to   space 8192K, 0% used [0x00000000e6780000,0x00000000e6780000,0x00000000e6f80000)
 ParOldGen       total 42496K, used 6710K [0x00000000a0000000, 0x00000000a2980000, 0x00000000e0000000)
  object space 42496K, 15% used [0x00000000a0000000,0x00000000a068db48,0x00000000a2980000)
 Metaspace       used 20610K, capacity 21232K, committed 21296K, reserved 1067008K
  class space    used 2954K, capacity 3172K, committed 3200K, reserved 1048576K
Event: 9.606 GC heap after
Heap after GC invocations=10 (full 1):
 PSYoungGen      total 68096K, used 0K [0x00000000e0000000, 0x00000000e6f80000, 0x0000000100000000)
  eden space 60928K, 0% used [0x00000000e0000000,0x00000000e0000000,0x00000000e3b80000)
  from space 7168K, 0% used [0x00000000e3b80000,0x00000000e3b80000,0x00000000e4280000)
  to   space 8192K, 0% used [0x00000000e6780000,0x00000000e6780000,0x00000000e6f80000)
 ParOldGen       total 35328K, used 10713K [0x00000000a0000000, 0x00000000a2280000, 0x00000000e0000000)
  object space 35328K, 30% used [0x00000000a0000000,0x00000000a0a765a0,0x00000000a2280000)
 Metaspace       used 20610K, capacity 21232K, committed 21296K, reserved 1067008K
  class space    used 2954K, capacity 3172K, committed 3200K, reserved 1048576K
}
Event: 12.757 GC heap before
{Heap before GC invocations=11 (full 1):
 PSYoungGen      total 68096K, used 60928K [0x00000000e0000000, 0x00000000e6f80000, 0x0000000100000000)
  eden space 60928K, 100% used [0x00000000e0000000,0x00000000e3b80000,0x00000000e3b80000)
  from space 7168K, 0% used [0x00000000e3b80000,0x00000000e3b80000,0x00000000e4280000)
  to   space 8192K, 0% used [0x00000000e6780000,0x00000000e6780000,0x00000000e6f80000)
 ParOldGen       total 35328K, used 10713K [0x00000000a0000000, 0x00000000a2280000, 0x00000000e0000000)
  object space 35328K, 30% used [0x00000000a0000000,0x00000000a0a765a0,0x00000000a2280000)
 Metaspace       used 28207K, capacity 29080K, committed 29312K, reserved 1075200K
  class space    used 3959K, capacity 4180K, committed 4224K, reserved 1048576K
Event: 12.793 GC heap after
Heap after GC invocations=11 (full 1):
 PSYoungGen      total 90112K, used 7711K [0x00000000e0000000, 0x00000000e6f80000, 0x0000000100000000)
  eden space 81920K, 0% used [0x00000000e0000000,0x00000000e0000000,0x00000000e5000000)
  from space 8192K, 94% used [0x00000000e6780000,0x00000000e6f07de8,0x00000000e6f80000)
  to   space 9216K, 0% used [0x00000000e5d80000,0x00000000e5d80000,0x00000000e6680000)
 ParOldGen       total 35328K, used 10721K [0x00000000a0000000, 0x00000000a2280000, 0x00000000e0000000)
  object space 35328K, 30% used [0x00000000a0000000,0x00000000a0a785a0,0x00000000a2280000)
 Metaspace       used 28207K, capacity 29080K, committed 29312K, reserved 1075200K
  class space    used 3959K, capacity 4180K, committed 4224K, reserved 1048576K
}
Event: 15.048 GC heap before
{Heap before GC invocations=12 (full 1):
 PSYoungGen      total 90112K, used 89631K [0x00000000e0000000, 0x00000000e6f80000, 0x0000000100000000)
  eden space 81920K, 100% used [0x00000000e0000000,0x00000000e5000000,0x00000000e5000000)
  from space 8192K, 94% used [0x00000000e6780000,0x00000000e6f07de8,0x00000000e6f80000)
  to   space 9216K, 0% used [0x00000000e5d80000,0x00000000e5d80000,0x00000000e6680000)
 ParOldGen       total 35328K, used 10721K [0x00000000a0000000, 0x00000000a2280000, 0x00000000e0000000)
  object space 35328K, 30% used [0x00000000a0000000,0x00000000a0a785a0,0x00000000a2280000)
 Metaspace       used 33370K, capacity 34284K, committed 34560K, reserved 1079296K
  class space    used 4536K, capacity 4754K, committed 4864K, reserved 1048576K
Event: 15.076 GC heap after
Heap after GC invocations=12 (full 1):
 PSYoungGen      total 104960K, used 7871K [0x00000000e0000000, 0x00000000e7f00000, 0x0000000100000000)
  eden space 95744K, 0% used [0x00000000e0000000,0x00000000e0000000,0x00000000e5d80000)
  from space 9216K, 85% used [0x00000000e5d80000,0x00000000e652fc00,0x00000000e6680000)
  to   space 10240K, 0% used [0x00000000e7500000,0x00000000e7500000,0x00000000e7f00000)
 ParOldGen       total 35328K, used 13743K [0x00000000a0000000, 0x00000000a2280000, 0x00000000e0000000)
  object space 35328K, 38% used [0x00000000a0000000,0x00000000a0d6bd00,0x00000000a2280000)
 Metaspace       used 33370K, capacity 34284K, committed 34560K, reserved 1079296K
  class space    used 4536K, capacity 4754K, committed 4864K, reserved 1048576K
}
Event: 15.462 GC heap before
{Heap before GC invocations=13 (full 1):
 PSYoungGen      total 104960K, used 27442K [0x00000000e0000000, 0x00000000e7f00000, 0x0000000100000000)
  eden space 95744K, 20% used [0x00000000e0000000,0x00000000e131ce10,0x00000000e5d80000)
  from space 9216K, 85% used [0x00000000e5d80000,0x00000000e652fc00,0x00000000e6680000)
  to   space 10240K, 0% used [0x00000000e7500000,0x00000000e7500000,0x00000000e7f00000)
 ParOldGen       total 35328K, used 13743K [0x00000000a0000000, 0x00000000a2280000, 0x00000000e0000000)
  object space 35328K, 38% used [0x00000000a0000000,0x00000000a0d6bd00,0x00000000a2280000)
 Metaspace       used 34291K, capacity 35350K, committed 35456K, reserved 1079296K
  class space    used 4690K, capacity 4930K, committed 4992K, reserved 1048576K
Event: 15.527 GC heap after
Heap after GC invocations=13 (full 1):
 PSYoungGen      total 119808K, used 1306K [0x00000000e0000000, 0x00000000e9f00000, 0x0000000100000000)
  eden space 109568K, 0% used [0x00000000e0000000,0x00000000e0000000,0x00000000e6b00000)
  from space 10240K, 12% used [0x00000000e7500000,0x00000000e7646ae8,0x00000000e7f00000)
  to   space 10240K, 0% used [0x00000000e6b00000,0x00000000e6b00000,0x00000000e7500000)
 ParOldGen       total 35328K, used 18142K [0x00000000a0000000, 0x00000000a2280000, 0x00000000e0000000)
  object space 35328K, 51% used [0x00000000a0000000,0x00000000a11b7870,0x00000000a2280000)
 Metaspace       used 34291K, capacity 35350K, committed 35456K, reserved 1079296K
  class space    used 4690K, capacity 4930K, committed 4992K, reserved 1048576K
}
Event: 15.527 GC heap before
{Heap before GC invocations=14 (full 2):
 PSYoungGen      total 119808K, used 1306K [0x00000000e0000000, 0x00000000e9f00000, 0x0000000100000000)
  eden space 109568K, 0% used [0x00000000e0000000,0x00000000e0000000,0x00000000e6b00000)
  from space 10240K, 12% used [0x00000000e7500000,0x00000000e7646ae8,0x00000000e7f00000)
  to   space 10240K, 0% used [0x00000000e6b00000,0x00000000e6b00000,0x00000000e7500000)
 ParOldGen       total 35328K, used 18142K [0x00000000a0000000, 0x00000000a2280000, 0x00000000e0000000)
  object space 35328K, 51% used [0x00000000a0000000,0x00000000a11b7870,0x00000000a2280000)
 Metaspace       used 34291K, capacity 35350K, committed 35456K, reserved 1079296K
  class space    used 4690K, capacity 4930K, committed 4992K, reserved 1048576K
Event: 15.800 GC heap after
Heap after GC invocations=14 (full 2):
 PSYoungGen      total 119808K, used 0K [0x00000000e0000000, 0x00000000e9f00000, 0x0000000100000000)
  eden space 109568K, 0% used [0x00000000e0000000,0x00000000e0000000,0x00000000e6b00000)
  from space 10240K, 0% used [0x00000000e7500000,0x00000000e7500000,0x00000000e7f00000)
  to   space 10240K, 0% used [0x00000000e6b00000,0x00000000e6b00000,0x00000000e7500000)
 ParOldGen       total 35328K, used 15607K [0x00000000a0000000, 0x00000000a2280000, 0x00000000e0000000)
  object space 35328K, 44% used [0x00000000a0000000,0x00000000a0f3dca0,0x00000000a2280000)
 Metaspace       used 34291K, capacity 35350K, committed 35456K, reserved 1079296K
  class space    used 4690K, capacity 4930K, committed 4992K, reserved 1048576K
}

