# JRE version: OpenJDK Runtime Environment (8.0_242-b01) (build 1.8.0_242-release-1644-b01)
# Java VM: OpenJDK 64-Bit Server VM (25.242-b01 mixed mode windows-amd64 compressed oops)
Heap:
 PSYoungGen      total 289792K, used 224669K [0x00000000e0000000, 0x00000000f3980000, 0x0000000100000000)
  eden space 268800K, 75% used [0x00000000e0000000,0x00000000ec755480,0x00000000f0680000)
  from space 20992K, 97% used [0x00000000f2500000,0x00000000f3911fc0,0x00000000f3980000)
  to   space 25600K, 0% used [0x00000000f0780000,0x00000000f0780000,0x00000000f2080000)
 ParOldGen       total 95744K, used 35536K [0x00000000a0000000, 0x00000000a5d80000, 0x00000000e0000000)
  object space 95744K, 37% used [0x00000000a0000000,0x00000000a22b4050,0x00000000a5d80000)
 Metaspace       used 69241K, capacity 73790K, committed 74112K, reserved 1112064K
  class space    used 9608K, capacity 10549K, committed 10624K, reserved 1048576K
GC Heap History (10 events):
Event: 26.303 GC heap before
{Heap before GC invocations=11 (full 2):
 PSYoungGen      total 192512K, used 178176K [0x00000000e0000000, 0x00000000ed400000, 0x0000000100000000)
  eden space 178176K, 100% used [0x00000000e0000000,0x00000000eae00000,0x00000000eae00000)
  from space 14336K, 0% used [0x00000000ebc00000,0x00000000ebc00000,0x00000000eca00000)
  to   space 14336K, 0% used [0x00000000eae00000,0x00000000eae00000,0x00000000ebc00000)
 ParOldGen       total 62976K, used 15842K [0x00000000a0000000, 0x00000000a3d80000, 0x00000000e0000000)
  object space 62976K, 25% used [0x00000000a0000000,0x00000000a0f78960,0x00000000a3d80000)
 Metaspace       used 43429K, capacity 45132K, committed 45440K, reserved 1089536K
  class space    used 5856K, capacity 6225K, committed 6272K, reserved 1048576K
Event: 26.392 GC heap after
Heap after GC invocations=11 (full 2):
 PSYoungGen      total 192512K, used 11820K [0x00000000e0000000, 0x00000000ef000000, 0x0000000100000000)
  eden space 178176K, 0% used [0x00000000e0000000,0x00000000e0000000,0x00000000eae00000)
  from space 14336K, 82% used [0x00000000eae00000,0x00000000eb98b3e8,0x00000000ebc00000)
  to   space 15360K, 0% used [0x00000000ee100000,0x00000000ee100000,0x00000000ef000000)
 ParOldGen       total 62976K, used 15850K [0x00000000a0000000, 0x00000000a3d80000, 0x00000000e0000000)
  object space 62976K, 25% used [0x00000000a0000000,0x00000000a0f7a960,0x00000000a3d80000)
 Metaspace       used 43429K, capacity 45132K, committed 45440K, reserved 1089536K
  class space    used 5856K, capacity 6225K, committed 6272K, reserved 1048576K
}
Event: 34.875 GC heap before
{Heap before GC invocations=12 (full 2):
 PSYoungGen      total 192512K, used 189996K [0x00000000e0000000, 0x00000000ef000000, 0x0000000100000000)
  eden space 178176K, 100% used [0x00000000e0000000,0x00000000eae00000,0x00000000eae00000)
  from space 14336K, 82% used [0x00000000eae00000,0x00000000eb98b3e8,0x00000000ebc00000)
  to   space 15360K, 0% used [0x00000000ee100000,0x00000000ee100000,0x00000000ef000000)
 ParOldGen       total 62976K, used 15850K [0x00000000a0000000, 0x00000000a3d80000, 0x00000000e0000000)
  object space 62976K, 25% used [0x00000000a0000000,0x00000000a0f7a960,0x00000000a3d80000)
 Metaspace       used 52432K, capacity 54570K, committed 54912K, reserved 1097728K
  class space    used 7016K, capacity 7465K, committed 7552K, reserved 1048576K
Event: 34.939 GC heap after
Heap after GC invocations=12 (full 2):
 PSYoungGen      total 226304K, used 15329K [0x00000000e0000000, 0x00000000ef580000, 0x0000000100000000)
  eden space 210944K, 0% used [0x00000000e0000000,0x00000000e0000000,0x00000000ece00000)
  from space 15360K, 99% used [0x00000000ee100000,0x00000000eeff8508,0x00000000ef000000)
  to   space 19456K, 0% used [0x00000000ece00000,0x00000000ece00000,0x00000000ee100000)
 ParOldGen       total 62976K, used 20651K [0x00000000a0000000, 0x00000000a3d80000, 0x00000000e0000000)
  object space 62976K, 32% used [0x00000000a0000000,0x00000000a142ace0,0x00000000a3d80000)
 Metaspace       used 52432K, capacity 54570K, committed 54912K, reserved 1097728K
  class space    used 7016K, capacity 7465K, committed 7552K, reserved 1048576K
}
Event: 36.314 GC heap before
{Heap before GC invocations=13 (full 2):
 PSYoungGen      total 226304K, used 78733K [0x00000000e0000000, 0x00000000ef580000, 0x0000000100000000)
  eden space 210944K, 30% used [0x00000000e0000000,0x00000000e3deb2d0,0x00000000ece00000)
  from space 15360K, 99% used [0x00000000ee100000,0x00000000eeff8508,0x00000000ef000000)
  to   space 19456K, 0% used [0x00000000ece00000,0x00000000ece00000,0x00000000ee100000)
 ParOldGen       total 62976K, used 20651K [0x00000000a0000000, 0x00000000a3d80000, 0x00000000e0000000)
  object space 62976K, 32% used [0x00000000a0000000,0x00000000a142ace0,0x00000000a3d80000)
 Metaspace       used 56412K, capacity 58988K, committed 59096K, reserved 1099776K
  class space    used 7691K, capacity 8235K, committed 8320K, reserved 1048576K
Event: 36.418 GC heap after
Heap after GC invocations=13 (full 2):
 PSYoungGen      total 230400K, used 19424K [0x00000000e0000000, 0x00000000f3b80000, 0x0000000100000000)
  eden space 210944K, 0% used [0x00000000e0000000,0x00000000e0000000,0x00000000ece00000)
  from space 19456K, 99% used [0x00000000ece00000,0x00000000ee0f82e8,0x00000000ee100000)
  to   space 23040K, 0% used [0x00000000f2500000,0x00000000f2500000,0x00000000f3b80000)
 ParOldGen       total 62976K, used 22469K [0x00000000a0000000, 0x00000000a3d80000, 0x00000000e0000000)
  object space 62976K, 35% used [0x00000000a0000000,0x00000000a15f1700,0x00000000a3d80000)
 Metaspace       used 56412K, capacity 58988K, committed 59096K, reserved 1099776K
  class space    used 7691K, capacity 8235K, committed 8320K, reserved 1048576K
}
Event: 36.418 GC heap before
{Heap before GC invocations=14 (full 3):
 PSYoungGen      total 230400K, used 19424K [0x00000000e0000000, 0x00000000f3b80000, 0x0000000100000000)
  eden space 210944K, 0% used [0x00000000e0000000,0x00000000e0000000,0x00000000ece00000)
  from space 19456K, 99% used [0x00000000ece00000,0x00000000ee0f82e8,0x00000000ee100000)
  to   space 23040K, 0% used [0x00000000f2500000,0x00000000f2500000,0x00000000f3b80000)
 ParOldGen       total 62976K, used 22469K [0x00000000a0000000, 0x00000000a3d80000, 0x00000000e0000000)
  object space 62976K, 35% used [0x00000000a0000000,0x00000000a15f1700,0x00000000a3d80000)
 Metaspace       used 56412K, capacity 58988K, committed 59096K, reserved 1099776K
  class space    used 7691K, capacity 8235K, committed 8320K, reserved 1048576K
Event: 37.047 GC heap after
Heap after GC invocations=14 (full 3):
 PSYoungGen      total 230400K, used 0K [0x00000000e0000000, 0x00000000f3b80000, 0x0000000100000000)
  eden space 210944K, 0% used [0x00000000e0000000,0x00000000e0000000,0x00000000ece00000)
  from space 19456K, 0% used [0x00000000ece00000,0x00000000ece00000,0x00000000ee100000)
  to   space 23040K, 0% used [0x00000000f2500000,0x00000000f2500000,0x00000000f3b80000)
 ParOldGen       total 95744K, used 35528K [0x00000000a0000000, 0x00000000a5d80000, 0x00000000e0000000)
  object space 95744K, 37% used [0x00000000a0000000,0x00000000a22b2050,0x00000000a5d80000)
 Metaspace       used 56405K, capacity 58964K, committed 59096K, reserved 1099776K
  class space    used 7689K, capacity 8231K, committed 8320K, reserved 1048576K
}
Event: 46.872 GC heap before
{Heap before GC invocations=15 (full 3):
 PSYoungGen      total 230400K, used 210944K [0x00000000e0000000, 0x00000000f3b80000, 0x0000000100000000)
  eden space 210944K, 100% used [0x00000000e0000000,0x00000000ece00000,0x00000000ece00000)
  from space 19456K, 0% used [0x00000000ece00000,0x00000000ece00000,0x00000000ee100000)
  to   space 23040K, 0% used [0x00000000f2500000,0x00000000f2500000,0x00000000f3b80000)
 ParOldGen       total 95744K, used 35528K [0x00000000a0000000, 0x00000000a5d80000, 0x00000000e0000000)
  object space 95744K, 37% used [0x00000000a0000000,0x00000000a22b2050,0x00000000a5d80000)
 Metaspace       used 61684K, capacity 65222K, committed 65408K, reserved 1105920K
  class space    used 8475K, capacity 9267K, committed 9344K, reserved 1048576K
Event: 47.015 GC heap after
Heap after GC invocations=15 (full 3):
 PSYoungGen      total 289792K, used 20551K [0x00000000e0000000, 0x00000000f3980000, 0x0000000100000000)
  eden space 268800K, 0% used [0x00000000e0000000,0x00000000e0000000,0x00000000f0680000)
  from space 20992K, 97% used [0x00000000f2500000,0x00000000f3911fc0,0x00000000f3980000)
  to   space 25600K, 0% used [0x00000000f0780000,0x00000000f0780000,0x00000000f2080000)
 ParOldGen       total 95744K, used 35536K [0x00000000a0000000, 0x00000000a5d80000, 0x00000000e0000000)
  object space 95744K, 37% used [0x00000000a0000000,0x00000000a22b4050,0x00000000a5d80000)
 Metaspace       used 61684K, capacity 65222K, committed 65408K, reserved 1105920K
  class space    used 8475K, capacity 9267K, committed 9344K, reserved 1048576K
}

