# JRE version: OpenJDK Runtime Environment (8.0_242-b01) (build 1.8.0_242-release-1644-b01)
# Java VM: OpenJDK 64-Bit Server VM (25.242-b01 mixed mode windows-amd64 compressed oops)
Heap:
 PSYoungGen      total 106496K, used 39210K [0x00000000e0000000, 0x00000000ea900000, 0x0000000100000000)
  eden space 97792K, 31% used [0x00000000e0000000,0x00000000e1dcbf70,0x00000000e5f80000)
  from space 8704K, 99% used [0x00000000e5f80000,0x00000000e67fe988,0x00000000e6800000)
  to   space 10752K, 0% used [0x00000000e9e80000,0x00000000e9e80000,0x00000000ea900000)
 ParOldGen       total 30208K, used 13360K [0x00000000a0000000, 0x00000000a1d80000, 0x00000000e0000000)
  object space 30208K, 44% used [0x00000000a0000000,0x00000000a0d0c3f8,0x00000000a1d80000)
 Metaspace       used 33158K, capacity 34112K, committed 34304K, reserved 1079296K
  class space    used 4516K, capacity 4742K, committed 4864K, reserved 1048576K
GC Heap History (10 events):
Event: 3.554 GC heap before
{Heap before GC invocations=8 (full 0):
 PSYoungGen      total 35840K, used 35819K [0x00000000e0000000, 0x00000000e4900000, 0x0000000100000000)
  eden space 30720K, 100% used [0x00000000e0000000,0x00000000e1e00000,0x00000000e1e00000)
  from space 5120K, 99% used [0x00000000e1e00000,0x00000000e22faff0,0x00000000e2300000)
  to   space 6656K, 0% used [0x00000000e4280000,0x00000000e4280000,0x00000000e4900000)
 ParOldGen       total 42496K, used 4761K [0x00000000a0000000, 0x00000000a2980000, 0x00000000e0000000)
  object space 42496K, 11% used [0x00000000a0000000,0x00000000a04a67d8,0x00000000a2980000)
 Metaspace       used 16446K, capacity 16946K, committed 17152K, reserved 1064960K
  class space    used 2307K, capacity 2483K, committed 2560K, reserved 1048576K
Event: 3.564 GC heap after
Heap after GC invocations=8 (full 0):
 PSYoungGen      total 67584K, used 5339K [0x00000000e0000000, 0x00000000e4a00000, 0x0000000100000000)
  eden space 60928K, 0% used [0x00000000e0000000,0x00000000e0000000,0x00000000e3b80000)
  from space 6656K, 80% used [0x00000000e4280000,0x00000000e47b6d78,0x00000000e4900000)
  to   space 7168K, 0% used [0x00000000e3b80000,0x00000000e3b80000,0x00000000e4280000)
 ParOldGen       total 42496K, used 5385K [0x00000000a0000000, 0x00000000a2980000, 0x00000000e0000000)
  object space 42496K, 12% used [0x00000000a0000000,0x00000000a05427d8,0x00000000a2980000)
 Metaspace       used 16446K, capacity 16946K, committed 17152K, reserved 1064960K
  class space    used 2307K, capacity 2483K, committed 2560K, reserved 1048576K
}
Event: 4.662 GC heap before
{Heap before GC invocations=9 (full 0):
 PSYoungGen      total 67584K, used 66267K [0x00000000e0000000, 0x00000000e4a00000, 0x0000000100000000)
  eden space 60928K, 100% used [0x00000000e0000000,0x00000000e3b80000,0x00000000e3b80000)
  from space 6656K, 80% used [0x00000000e4280000,0x00000000e47b6d78,0x00000000e4900000)
  to   space 7168K, 0% used [0x00000000e3b80000,0x00000000e3b80000,0x00000000e4280000)
 ParOldGen       total 42496K, used 5385K [0x00000000a0000000, 0x00000000a2980000, 0x00000000e0000000)
  object space 42496K, 12% used [0x00000000a0000000,0x00000000a05427d8,0x00000000a2980000)
 Metaspace       used 20637K, capacity 21250K, committed 21296K, reserved 1067008K
  class space    used 2964K, capacity 3175K, committed 3200K, reserved 1048576K
Event: 4.676 GC heap after
Heap after GC invocations=9 (full 0):
 PSYoungGen      total 68096K, used 7155K [0x00000000e0000000, 0x00000000e7080000, 0x0000000100000000)
  eden space 60928K, 0% used [0x00000000e0000000,0x00000000e0000000,0x00000000e3b80000)
  from space 7168K, 99% used [0x00000000e3b80000,0x00000000e427ccc8,0x00000000e4280000)
  to   space 8704K, 0% used [0x00000000e6800000,0x00000000e6800000,0x00000000e7080000)
 ParOldGen       total 42496K, used 6735K [0x00000000a0000000, 0x00000000a2980000, 0x00000000e0000000)
  object space 42496K, 15% used [0x00000000a0000000,0x00000000a0693e30,0x00000000a2980000)
 Metaspace       used 20637K, capacity 21250K, committed 21296K, reserved 1067008K
  class space    used 2964K, capacity 3175K, committed 3200K, reserved 1048576K
}
Event: 4.681 GC heap before
{Heap before GC invocations=10 (full 0):
 PSYoungGen      total 68096K, used 8149K [0x00000000e0000000, 0x00000000e7080000, 0x0000000100000000)
  eden space 60928K, 1% used [0x00000000e0000000,0x00000000e00f8888,0x00000000e3b80000)
  from space 7168K, 99% used [0x00000000e3b80000,0x00000000e427ccc8,0x00000000e4280000)
  to   space 8704K, 0% used [0x00000000e6800000,0x00000000e6800000,0x00000000e7080000)
 ParOldGen       total 42496K, used 6735K [0x00000000a0000000, 0x00000000a2980000, 0x00000000e0000000)
  object space 42496K, 15% used [0x00000000a0000000,0x00000000a0693e30,0x00000000a2980000)
 Metaspace       used 20638K, capacity 21250K, committed 21296K, reserved 1067008K
  class space    used 2964K, capacity 3175K, committed 3200K, reserved 1048576K
Event: 4.687 GC heap after
Heap after GC invocations=10 (full 0):
 PSYoungGen      total 106496K, used 5466K [0x00000000e0000000, 0x00000000e7080000, 0x0000000100000000)
  eden space 97792K, 0% used [0x00000000e0000000,0x00000000e0000000,0x00000000e5f80000)
  from space 8704K, 62% used [0x00000000e6800000,0x00000000e6d56960,0x00000000e7080000)
  to   space 8704K, 0% used [0x00000000e5f80000,0x00000000e5f80000,0x00000000e6800000)
 ParOldGen       total 42496K, used 8218K [0x00000000a0000000, 0x00000000a2980000, 0x00000000e0000000)
  object space 42496K, 19% used [0x00000000a0000000,0x00000000a0806bb8,0x00000000a2980000)
 Metaspace       used 20638K, capacity 21250K, committed 21296K, reserved 1067008K
  class space    used 2964K, capacity 3175K, committed 3200K, reserved 1048576K
}
Event: 4.687 GC heap before
{Heap before GC invocations=11 (full 1):
 PSYoungGen      total 106496K, used 5466K [0x00000000e0000000, 0x00000000e7080000, 0x0000000100000000)
  eden space 97792K, 0% used [0x00000000e0000000,0x00000000e0000000,0x00000000e5f80000)
  from space 8704K, 62% used [0x00000000e6800000,0x00000000e6d56960,0x00000000e7080000)
  to   space 8704K, 0% used [0x00000000e5f80000,0x00000000e5f80000,0x00000000e6800000)
 ParOldGen       total 42496K, used 8218K [0x00000000a0000000, 0x00000000a2980000, 0x00000000e0000000)
  object space 42496K, 19% used [0x00000000a0000000,0x00000000a0806bb8,0x00000000a2980000)
 Metaspace       used 20638K, capacity 21250K, committed 21296K, reserved 1067008K
  class space    used 2964K, capacity 3175K, committed 3200K, reserved 1048576K
Event: 4.743 GC heap after
Heap after GC invocations=11 (full 1):
 PSYoungGen      total 106496K, used 0K [0x00000000e0000000, 0x00000000e7080000, 0x0000000100000000)
  eden space 97792K, 0% used [0x00000000e0000000,0x00000000e0000000,0x00000000e5f80000)
  from space 8704K, 0% used [0x00000000e6800000,0x00000000e6800000,0x00000000e7080000)
  to   space 8704K, 0% used [0x00000000e5f80000,0x00000000e5f80000,0x00000000e6800000)
 ParOldGen       total 30208K, used 10587K [0x00000000a0000000, 0x00000000a1d80000, 0x00000000e0000000)
  object space 30208K, 35% used [0x00000000a0000000,0x00000000a0a56eb0,0x00000000a1d80000)
 Metaspace       used 20638K, capacity 21250K, committed 21296K, reserved 1067008K
  class space    used 2964K, capacity 3175K, committed 3200K, reserved 1048576K
}
Event: 6.758 GC heap before
{Heap before GC invocations=12 (full 1):
 PSYoungGen      total 106496K, used 97792K [0x00000000e0000000, 0x00000000e7080000, 0x0000000100000000)
  eden space 97792K, 100% used [0x00000000e0000000,0x00000000e5f80000,0x00000000e5f80000)
  from space 8704K, 0% used [0x00000000e6800000,0x00000000e6800000,0x00000000e7080000)
  to   space 8704K, 0% used [0x00000000e5f80000,0x00000000e5f80000,0x00000000e6800000)
 ParOldGen       total 30208K, used 10587K [0x00000000a0000000, 0x00000000a1d80000, 0x00000000e0000000)
  object space 30208K, 35% used [0x00000000a0000000,0x00000000a0a56eb0,0x00000000a1d80000)
 Metaspace       used 30944K, capacity 31926K, committed 32128K, reserved 1077248K
  class space    used 4246K, capacity 4475K, committed 4480K, reserved 1048576K
Event: 6.776 GC heap after
Heap after GC invocations=12 (full 1):
 PSYoungGen      total 106496K, used 8698K [0x00000000e0000000, 0x00000000ea900000, 0x0000000100000000)
  eden space 97792K, 0% used [0x00000000e0000000,0x00000000e0000000,0x00000000e5f80000)
  from space 8704K, 99% used [0x00000000e5f80000,0x00000000e67fe988,0x00000000e6800000)
  to   space 10752K, 0% used [0x00000000e9e80000,0x00000000e9e80000,0x00000000ea900000)
 ParOldGen       total 30208K, used 13360K [0x00000000a0000000, 0x00000000a1d80000, 0x00000000e0000000)
  object space 30208K, 44% used [0x00000000a0000000,0x00000000a0d0c3f8,0x00000000a1d80000)
 Metaspace       used 30944K, capacity 31926K, committed 32128K, reserved 1077248K
  class space    used 4246K, capacity 4475K, committed 4480K, reserved 1048576K
}

